{"/home/djaramillo/Documents/js_petProject/app.js": {"path":"/home/djaramillo/Documents/js_petProject/app.js","statementMap":{"0":{"start":{"line":6,"column":19},"end":{"line":6,"column":28}},"1":{"start":{"line":7,"column":13},"end":{"line":7,"column":17}},"2":{"start":{"line":8,"column":19},"end":{"line":8,"column":49}},"3":{"start":{"line":9,"column":18},"end":{"line":9,"column":42}},"4":{"start":{"line":11,"column":16},"end":{"line":13,"column":2}},"5":{"start":{"line":16,"column":32},"end":{"line":19,"column":1}},"6":{"start":{"line":17,"column":2},"end":{"line":18,"column":42}},"7":{"start":{"line":18,"column":17},"end":{"line":18,"column":40}},"8":{"start":{"line":21,"column":25},"end":{"line":26,"column":1}},"9":{"start":{"line":22,"column":2},"end":{"line":25,"column":17}},"10":{"start":{"line":23,"column":17},"end":{"line":23,"column":29}},"11":{"start":{"line":24,"column":20},"end":{"line":24,"column":67}},"12":{"start":{"line":28,"column":22},"end":{"line":32,"column":1}},"13":{"start":{"line":29,"column":2},"end":{"line":31,"column":74}},"14":{"start":{"line":30,"column":17},"end":{"line":30,"column":35}},"15":{"start":{"line":31,"column":35},"end":{"line":31,"column":70}},"16":{"start":{"line":34,"column":0},"end":{"line":36,"column":2}},"17":{"start":{"line":35,"column":2},"end":{"line":35,"column":51}},"18":{"start":{"line":38,"column":0},"end":{"line":52,"column":3}},"19":{"start":{"line":39,"column":2},"end":{"line":51,"column":3}},"20":{"start":{"line":40,"column":21},"end":{"line":45,"column":6}},"21":{"start":{"line":47,"column":4},"end":{"line":47,"column":53}},"22":{"start":{"line":49,"column":4},"end":{"line":49,"column":25}},"23":{"start":{"line":50,"column":4},"end":{"line":50,"column":61}},"24":{"start":{"line":54,"column":0},"end":{"line":68,"column":3}},"25":{"start":{"line":55,"column":2},"end":{"line":67,"column":3}},"26":{"start":{"line":56,"column":21},"end":{"line":61,"column":6}},"27":{"start":{"line":63,"column":4},"end":{"line":63,"column":46}},"28":{"start":{"line":65,"column":4},"end":{"line":65,"column":25}},"29":{"start":{"line":66,"column":4},"end":{"line":66,"column":61}},"30":{"start":{"line":70,"column":0},"end":{"line":84,"column":3}},"31":{"start":{"line":71,"column":2},"end":{"line":83,"column":3}},"32":{"start":{"line":72,"column":21},"end":{"line":77,"column":6}},"33":{"start":{"line":79,"column":4},"end":{"line":79,"column":43}},"34":{"start":{"line":81,"column":4},"end":{"line":81,"column":25}},"35":{"start":{"line":82,"column":4},"end":{"line":82,"column":61}},"36":{"start":{"line":86,"column":0},"end":{"line":88,"column":3}},"37":{"start":{"line":87,"column":2},"end":{"line":87,"column":63}}},"fnMap":{"0":{"name":"(anonymous_0)","decl":{"start":{"line":16,"column":32},"end":{"line":16,"column":33}},"loc":{"start":{"line":16,"column":43},"end":{"line":19,"column":1}},"line":16},"1":{"name":"(anonymous_1)","decl":{"start":{"line":18,"column":12},"end":{"line":18,"column":13}},"loc":{"start":{"line":18,"column":17},"end":{"line":18,"column":40}},"line":18},"2":{"name":"(anonymous_2)","decl":{"start":{"line":21,"column":25},"end":{"line":21,"column":26}},"loc":{"start":{"line":21,"column":36},"end":{"line":26,"column":1}},"line":21},"3":{"name":"(anonymous_3)","decl":{"start":{"line":23,"column":12},"end":{"line":23,"column":13}},"loc":{"start":{"line":23,"column":17},"end":{"line":23,"column":29}},"line":23},"4":{"name":"(anonymous_4)","decl":{"start":{"line":24,"column":10},"end":{"line":24,"column":11}},"loc":{"start":{"line":24,"column":20},"end":{"line":24,"column":67}},"line":24},"5":{"name":"(anonymous_5)","decl":{"start":{"line":28,"column":22},"end":{"line":28,"column":23}},"loc":{"start":{"line":28,"column":33},"end":{"line":32,"column":1}},"line":28},"6":{"name":"(anonymous_6)","decl":{"start":{"line":30,"column":12},"end":{"line":30,"column":13}},"loc":{"start":{"line":30,"column":17},"end":{"line":30,"column":35}},"line":30},"7":{"name":"(anonymous_7)","decl":{"start":{"line":31,"column":12},"end":{"line":31,"column":13}},"loc":{"start":{"line":31,"column":35},"end":{"line":31,"column":70}},"line":31},"8":{"name":"(anonymous_8)","decl":{"start":{"line":34,"column":13},"end":{"line":34,"column":14}},"loc":{"start":{"line":34,"column":27},"end":{"line":36,"column":1}},"line":34},"9":{"name":"(anonymous_9)","decl":{"start":{"line":38,"column":30},"end":{"line":38,"column":31}},"loc":{"start":{"line":38,"column":50},"end":{"line":52,"column":1}},"line":38},"10":{"name":"(anonymous_10)","decl":{"start":{"line":54,"column":25},"end":{"line":54,"column":26}},"loc":{"start":{"line":54,"column":45},"end":{"line":68,"column":1}},"line":54},"11":{"name":"(anonymous_11)","decl":{"start":{"line":70,"column":22},"end":{"line":70,"column":23}},"loc":{"start":{"line":70,"column":42},"end":{"line":84,"column":1}},"line":70},"12":{"name":"(anonymous_12)","decl":{"start":{"line":86,"column":17},"end":{"line":86,"column":18}},"loc":{"start":{"line":86,"column":23},"end":{"line":88,"column":1}},"line":86}},"branchMap":{},"s":{"0":1,"1":1,"2":1,"3":1,"4":1,"5":1,"6":4,"7":9,"8":1,"9":4,"10":40,"11":30,"12":1,"13":3,"14":14,"15":12,"16":1,"17":0,"18":1,"19":4,"20":4,"21":4,"22":0,"23":0,"24":1,"25":4,"26":4,"27":4,"28":0,"29":0,"30":1,"31":3,"32":3,"33":3,"34":0,"35":0,"36":1,"37":1},"f":{"0":4,"1":9,"2":4,"3":40,"4":30,"5":3,"6":14,"7":12,"8":0,"9":4,"10":4,"11":3,"12":1},"b":{},"_coverageSchema":"1a1c01bbd47fc00a2c39e90264f33305004495a9","hash":"e9e6151df66b06ffa1635329e5c0fceea8ef9b5a"}
,"/home/djaramillo/Documents/js_petProject/tests/mocks/handlers.js": {"path":"/home/djaramillo/Documents/js_petProject/tests/mocks/handlers.js","statementMap":{"0":{"start":{"line":3,"column":24},"end":{"line":23,"column":1}},"1":{"start":{"line":5,"column":4},"end":{"line":21,"column":7}}},"fnMap":{"0":{"name":"(anonymous_0)","decl":{"start":{"line":4,"column":62},"end":{"line":4,"column":63}},"loc":{"start":{"line":4,"column":68},"end":{"line":22,"column":3}},"line":4}},"branchMap":{},"s":{"0":1,"1":0},"f":{"0":0},"b":{},"_coverageSchema":"1a1c01bbd47fc00a2c39e90264f33305004495a9","hash":"36375428d9c10c8a4c8c1882fa0c834a376e3f76"}
,"/home/djaramillo/Documents/js_petProject/tests/mocks/server.js": {"path":"/home/djaramillo/Documents/js_petProject/tests/mocks/server.js","statementMap":{"0":{"start":{"line":4,"column":22},"end":{"line":4,"column":46}}},"fnMap":{},"branchMap":{},"s":{"0":1},"f":{},"b":{},"_coverageSchema":"1a1c01bbd47fc00a2c39e90264f33305004495a9","hash":"854d52053a5f8ae558262fb59649bbb566e1de0d"}
}
