{"/home/djaramillo/Documents/js_petProject/app.ts": {"path":"/home/djaramillo/Documents/js_petProject/app.ts","statementMap":{"0":{"start":{"line":9,"column":19},"end":{"line":9,"column":28}},"1":{"start":{"line":10,"column":13},"end":{"line":10,"column":17}},"2":{"start":{"line":11,"column":19},"end":{"line":11,"column":49}},"3":{"start":{"line":12,"column":18},"end":{"line":12,"column":42}},"4":{"start":{"line":14,"column":16},"end":{"line":16,"column":2}},"5":{"start":{"line":19,"column":32},"end":{"line":22,"column":1}},"6":{"start":{"line":20,"column":2},"end":{"line":21,"column":42}},"7":{"start":{"line":21,"column":17},"end":{"line":21,"column":40}},"8":{"start":{"line":24,"column":27},"end":{"line":29,"column":1}},"9":{"start":{"line":25,"column":2},"end":{"line":28,"column":17}},"10":{"start":{"line":26,"column":17},"end":{"line":26,"column":35}},"11":{"start":{"line":27,"column":20},"end":{"line":27,"column":59}},"12":{"start":{"line":31,"column":25},"end":{"line":36,"column":1}},"13":{"start":{"line":32,"column":2},"end":{"line":35,"column":17}},"14":{"start":{"line":33,"column":55},"end":{"line":33,"column":87}},"15":{"start":{"line":34,"column":20},"end":{"line":34,"column":87}},"16":{"start":{"line":38,"column":22},"end":{"line":42,"column":1}},"17":{"start":{"line":39,"column":2},"end":{"line":41,"column":null}},"18":{"start":{"line":40,"column":17},"end":{"line":40,"column":35}},"19":{"start":{"line":41,"column":35},"end":{"line":41,"column":70}},"20":{"start":{"line":44,"column":25},"end":{"line":48,"column":1}},"21":{"start":{"line":45,"column":2},"end":{"line":47,"column":56}},"22":{"start":{"line":46,"column":17},"end":{"line":46,"column":23}},"23":{"start":{"line":47,"column":17},"end":{"line":47,"column":54}},"24":{"start":{"line":50,"column":32},"end":{"line":53,"column":1}},"25":{"start":{"line":51,"column":2},"end":{"line":52,"column":50}},"26":{"start":{"line":52,"column":20},"end":{"line":52,"column":48}},"27":{"start":{"line":55,"column":0},"end":{"line":57,"column":null}},"28":{"start":{"line":56,"column":2},"end":{"line":56,"column":51}},"29":{"start":{"line":59,"column":0},"end":{"line":102,"column":3}},"30":{"start":{"line":60,"column":21},"end":{"line":60,"column":30}},"31":{"start":{"line":61,"column":2},"end":{"line":101,"column":7}},"32":{"start":{"line":67,"column":26},"end":{"line":67,"column":46}},"33":{"start":{"line":71,"column":4},"end":{"line":94,"column":5}},"34":{"start":{"line":73,"column":8},"end":{"line":73,"column":48}},"35":{"start":{"line":74,"column":8},"end":{"line":74,"column":14}},"36":{"start":{"line":77,"column":8},"end":{"line":77,"column":41}},"37":{"start":{"line":78,"column":8},"end":{"line":78,"column":14}},"38":{"start":{"line":81,"column":8},"end":{"line":81,"column":38}},"39":{"start":{"line":82,"column":8},"end":{"line":82,"column":14}},"40":{"start":{"line":85,"column":8},"end":{"line":85,"column":43}},"41":{"start":{"line":86,"column":8},"end":{"line":86,"column":14}},"42":{"start":{"line":89,"column":8},"end":{"line":89,"column":66}},"43":{"start":{"line":90,"column":8},"end":{"line":90,"column":14}},"44":{"start":{"line":93,"column":8},"end":{"line":93,"column":23}},"45":{"start":{"line":96,"column":4},"end":{"line":96,"column":21}},"46":{"start":{"line":99,"column":6},"end":{"line":99,"column":25}},"47":{"start":{"line":100,"column":6},"end":{"line":100,"column":63}},"48":{"start":{"line":104,"column":0},"end":{"line":106,"column":3}},"49":{"start":{"line":105,"column":2},"end":{"line":105,"column":63}}},"fnMap":{"0":{"name":"(anonymous_0)","decl":{"start":{"line":19,"column":32},"end":{"line":19,"column":33}},"loc":{"start":{"line":19,"column":50},"end":{"line":22,"column":1}}},"1":{"name":"(anonymous_1)","decl":{"start":{"line":21,"column":12},"end":{"line":21,"column":13}},"loc":{"start":{"line":21,"column":17},"end":{"line":21,"column":40}}},"2":{"name":"(anonymous_2)","decl":{"start":{"line":24,"column":27},"end":{"line":24,"column":28}},"loc":{"start":{"line":24,"column":45},"end":{"line":29,"column":1}}},"3":{"name":"(anonymous_3)","decl":{"start":{"line":26,"column":12},"end":{"line":26,"column":13}},"loc":{"start":{"line":26,"column":17},"end":{"line":26,"column":35}}},"4":{"name":"(anonymous_4)","decl":{"start":{"line":27,"column":10},"end":{"line":27,"column":11}},"loc":{"start":{"line":27,"column":20},"end":{"line":27,"column":59}}},"5":{"name":"(anonymous_5)","decl":{"start":{"line":31,"column":25},"end":{"line":31,"column":26}},"loc":{"start":{"line":31,"column":43},"end":{"line":36,"column":1}}},"6":{"name":"(anonymous_6)","decl":{"start":{"line":33,"column":12},"end":{"line":33,"column":13}},"loc":{"start":{"line":33,"column":55},"end":{"line":33,"column":87}}},"7":{"name":"(anonymous_7)","decl":{"start":{"line":34,"column":10},"end":{"line":34,"column":11}},"loc":{"start":{"line":34,"column":20},"end":{"line":34,"column":87}}},"8":{"name":"(anonymous_8)","decl":{"start":{"line":38,"column":22},"end":{"line":38,"column":23}},"loc":{"start":{"line":38,"column":40},"end":{"line":42,"column":1}}},"9":{"name":"(anonymous_9)","decl":{"start":{"line":40,"column":12},"end":{"line":40,"column":13}},"loc":{"start":{"line":40,"column":17},"end":{"line":40,"column":35}}},"10":{"name":"(anonymous_10)","decl":{"start":{"line":41,"column":12},"end":{"line":41,"column":13}},"loc":{"start":{"line":41,"column":35},"end":{"line":41,"column":70}}},"11":{"name":"(anonymous_11)","decl":{"start":{"line":44,"column":25},"end":{"line":44,"column":26}},"loc":{"start":{"line":44,"column":43},"end":{"line":48,"column":1}}},"12":{"name":"(anonymous_12)","decl":{"start":{"line":46,"column":12},"end":{"line":46,"column":13}},"loc":{"start":{"line":46,"column":17},"end":{"line":46,"column":23}}},"13":{"name":"(anonymous_13)","decl":{"start":{"line":47,"column":12},"end":{"line":47,"column":13}},"loc":{"start":{"line":47,"column":17},"end":{"line":47,"column":54}}},"14":{"name":"(anonymous_14)","decl":{"start":{"line":50,"column":32},"end":{"line":50,"column":33}},"loc":{"start":{"line":50,"column":50},"end":{"line":53,"column":1}}},"15":{"name":"(anonymous_15)","decl":{"start":{"line":52,"column":10},"end":{"line":52,"column":11}},"loc":{"start":{"line":52,"column":20},"end":{"line":52,"column":48}}},"16":{"name":"(anonymous_16)","decl":{"start":{"line":55,"column":13},"end":{"line":55,"column":14}},"loc":{"start":{"line":55,"column":26},"end":{"line":57,"column":1}}},"17":{"name":"(anonymous_17)","decl":{"start":{"line":59,"column":25},"end":{"line":59,"column":26}},"loc":{"start":{"line":59,"column":38},"end":{"line":102,"column":1}}},"18":{"name":"(anonymous_18)","decl":{"start":{"line":66,"column":10},"end":{"line":66,"column":18}},"loc":{"start":{"line":66,"column":21},"end":{"line":97,"column":3}}},"19":{"name":"(anonymous_19)","decl":{"start":{"line":98,"column":11},"end":{"line":98,"column":14}},"loc":{"start":{"line":98,"column":17},"end":{"line":101,"column":5}}},"20":{"name":"(anonymous_20)","decl":{"start":{"line":104,"column":17},"end":{"line":104,"column":20}},"loc":{"start":{"line":104,"column":22},"end":{"line":106,"column":1}}}},"branchMap":{"0":{"loc":{"start":{"line":71,"column":4},"end":{"line":94,"column":5}},"type":"switch","locations":[{"start":{"line":72,"column":6},"end":{"line":74,"column":14}},{"start":{"line":76,"column":6},"end":{"line":78,"column":14}},{"start":{"line":80,"column":6},"end":{"line":82,"column":14}},{"start":{"line":84,"column":6},"end":{"line":86,"column":14}},{"start":{"line":88,"column":6},"end":{"line":90,"column":14}},{"start":{"line":92,"column":6},"end":{"line":93,"column":23}}]}},"s":{"0":1,"1":1,"2":1,"3":1,"4":1,"5":1,"6":4,"7":9,"8":1,"9":5,"10":25,"11":18,"12":1,"13":4,"14":40,"15":30,"16":1,"17":3,"18":14,"19":12,"20":1,"21":5,"22":25,"23":23,"24":1,"25":5,"26":14,"27":1,"28":0,"29":1,"30":21,"31":21,"32":21,"33":21,"34":4,"35":4,"36":4,"37":4,"38":3,"39":3,"40":5,"41":5,"42":5,"43":5,"44":0,"45":21,"46":0,"47":0,"48":1,"49":1},"f":{"0":4,"1":9,"2":5,"3":25,"4":18,"5":4,"6":40,"7":30,"8":3,"9":14,"10":12,"11":5,"12":25,"13":23,"14":5,"15":14,"16":0,"17":21,"18":21,"19":0,"20":1},"b":{"0":[4,4,3,5,5,0]}}
,"/home/djaramillo/Documents/js_petProject/tests/mocks/handlers.ts": {"path":"/home/djaramillo/Documents/js_petProject/tests/mocks/handlers.ts","statementMap":{"0":{"start":{"line":3,"column":24},"end":{"line":23,"column":2}},"1":{"start":{"line":5,"column":4},"end":{"line":21,"column":7}}},"fnMap":{"0":{"name":"(anonymous_0)","decl":{"start":{"line":4,"column":62},"end":{"line":4,"column":65}},"loc":{"start":{"line":4,"column":67},"end":{"line":22,"column":3}}}},"branchMap":{},"s":{"0":1,"1":0},"f":{"0":0},"b":{}}
,"/home/djaramillo/Documents/js_petProject/tests/mocks/server.ts": {"path":"/home/djaramillo/Documents/js_petProject/tests/mocks/server.ts","statementMap":{"0":{"start":{"line":4,"column":22},"end":{"line":4,"column":46}}},"fnMap":{},"branchMap":{},"s":{"0":1},"f":{},"b":{}}
}
