TN:
SF:app.js
FN:16,(anonymous_0)
FN:18,(anonymous_1)
FN:21,(anonymous_2)
FN:23,(anonymous_3)
FN:24,(anonymous_4)
FN:28,(anonymous_5)
FN:30,(anonymous_6)
FN:31,(anonymous_7)
FN:34,(anonymous_8)
FN:38,(anonymous_9)
FN:54,(anonymous_10)
FN:70,(anonymous_11)
FN:86,(anonymous_12)
FNF:13
FNH:12
FNDA:4,(anonymous_0)
FNDA:9,(anonymous_1)
FNDA:4,(anonymous_2)
FNDA:40,(anonymous_3)
FNDA:30,(anonymous_4)
FNDA:3,(anonymous_5)
FNDA:14,(anonymous_6)
FNDA:12,(anonymous_7)
FNDA:0,(anonymous_8)
FNDA:4,(anonymous_9)
FNDA:4,(anonymous_10)
FNDA:3,(anonymous_11)
FNDA:1,(anonymous_12)
DA:6,1
DA:7,1
DA:8,1
DA:9,1
DA:11,1
DA:16,1
DA:17,4
DA:18,9
DA:21,1
DA:22,4
DA:23,40
DA:24,30
DA:28,1
DA:29,3
DA:30,14
DA:31,12
DA:34,1
DA:35,0
DA:38,1
DA:39,4
DA:40,4
DA:47,4
DA:49,0
DA:50,0
DA:54,1
DA:55,4
DA:56,4
DA:63,4
DA:65,0
DA:66,0
DA:70,1
DA:71,3
DA:72,3
DA:79,3
DA:81,0
DA:82,0
DA:86,1
DA:87,1
LF:38
LH:31
BRF:0
BRH:0
end_of_record
TN:
SF:tests/mocks/handlers.js
FN:4,(anonymous_0)
FNF:1
FNH:0
FNDA:0,(anonymous_0)
DA:3,1
DA:5,0
LF:2
LH:1
BRF:0
BRH:0
end_of_record
TN:
SF:tests/mocks/server.js
FNF:0
FNH:0
DA:4,1
LF:1
LH:1
BRF:0
BRH:0
end_of_record
