TN:
SF:app.ts
FN:19,(anonymous_0)
FN:21,(anonymous_1)
FN:24,(anonymous_2)
FN:26,(anonymous_3)
FN:27,(anonymous_4)
FN:31,(anonymous_5)
FN:33,(anonymous_6)
FN:34,(anonymous_7)
FN:38,(anonymous_8)
FN:40,(anonymous_9)
FN:41,(anonymous_10)
FN:44,(anonymous_11)
FN:46,(anonymous_12)
FN:47,(anonymous_13)
FN:50,(anonymous_14)
FN:52,(anonymous_15)
FN:55,(anonymous_16)
FN:59,(anonymous_17)
FN:66,(anonymous_18)
FN:98,(anonymous_19)
FN:104,(anonymous_20)
FNF:21
FNH:19
FNDA:4,(anonymous_0)
FNDA:9,(anonymous_1)
FNDA:5,(anonymous_2)
FNDA:25,(anonymous_3)
FNDA:18,(anonymous_4)
FNDA:4,(anonymous_5)
FNDA:40,(anonymous_6)
FNDA:30,(anonymous_7)
FNDA:3,(anonymous_8)
FNDA:14,(anonymous_9)
FNDA:12,(anonymous_10)
FNDA:5,(anonymous_11)
FNDA:25,(anonymous_12)
FNDA:23,(anonymous_13)
FNDA:5,(anonymous_14)
FNDA:14,(anonymous_15)
FNDA:0,(anonymous_16)
FNDA:21,(anonymous_17)
FNDA:21,(anonymous_18)
FNDA:0,(anonymous_19)
FNDA:1,(anonymous_20)
DA:9,1
DA:10,1
DA:11,1
DA:12,1
DA:14,1
DA:19,1
DA:20,4
DA:21,9
DA:24,1
DA:25,5
DA:26,25
DA:27,18
DA:31,1
DA:32,4
DA:33,40
DA:34,30
DA:38,1
DA:39,3
DA:40,14
DA:41,12
DA:44,1
DA:45,5
DA:46,25
DA:47,23
DA:50,1
DA:51,5
DA:52,14
DA:55,1
DA:56,0
DA:59,1
DA:60,21
DA:61,21
DA:67,21
DA:71,21
DA:73,4
DA:74,4
DA:77,4
DA:78,4
DA:81,3
DA:82,3
DA:85,5
DA:86,5
DA:89,5
DA:90,5
DA:93,0
DA:96,21
DA:99,0
DA:100,0
DA:104,1
DA:105,1
LF:50
LH:46
BRDA:71,0,0,4
BRDA:71,0,1,4
BRDA:71,0,2,3
BRDA:71,0,3,5
BRDA:71,0,4,5
BRDA:71,0,5,0
BRF:6
BRH:5
end_of_record
TN:
SF:tests/mocks/handlers.ts
FN:4,(anonymous_0)
FNF:1
FNH:0
FNDA:0,(anonymous_0)
DA:3,1
DA:5,0
LF:2
LH:1
BRF:0
BRH:0
end_of_record
TN:
SF:tests/mocks/server.ts
FNF:0
FNH:0
DA:4,1
LF:1
LH:1
BRF:0
BRH:0
end_of_record
